1765152185.277340 client started (16784): version 3.5a, socket /tmp/tmux-1000/default, protocol 8
1765152185.277439 on Linux 6.12.57+deb13-amd64 #1 SMP PREEMPT_DYNAMIC Debian 6.12.57-1 (2025-11-05)
1765152185.277460 using libevent 2.1.12-stable poll
1765152185.277475 using ncurses 6.5 20250125
1765152185.277582 flags are 0x10010000
1765152185.277639 socket is /tmp/tmux-1000/default
1765152185.277684 trying connect
1765152185.277804 add peer 0x7f8885c91540: 6 ((nil))
1765152185.278865 sending message 111 to peer 0x7f8885c91540 (8 bytes)
1765152185.278889 sending message 111 to peer 0x7f8885c91540 (8 bytes)
1765152185.278900 sending message 101 to peer 0x7f8885c91540 (16 bytes)
1765152185.278910 sending message 109 to peer 0x7f8885c91540 (4 bytes)
1765152185.278920 sending message 102 to peer 0x7f8885c91540 (11 bytes)
1765152185.278930 sending message 108 to peer 0x7f8885c91540 (33 bytes)
1765152185.278940 sending message 112 to peer 0x7f8885c91540 (70 bytes)
1765152185.278949 sending message 112 to peer 0x7f8885c91540 (5 bytes)
1765152185.278959 sending message 112 to peer 0x7f8885c91540 (5 bytes)
1765152185.278968 sending message 112 to peer 0x7f8885c91540 (6 bytes)
1765152185.278979 sending message 112 to peer 0x7f8885c91540 (6 bytes)
1765152185.278988 sending message 112 to peer 0x7f8885c91540 (11 bytes)
1765152185.278998 sending message 112 to peer 0x7f8885c91540 (10 bytes)
1765152185.279007 sending message 112 to peer 0x7f8885c91540 (13 bytes)
1765152185.279017 sending message 112 to peer 0x7f8885c91540 (13 bytes)
1765152185.279026 sending message 112 to peer 0x7f8885c91540 (18 bytes)
1765152185.279036 sending message 112 to peer 0x7f8885c91540 (11 bytes)
1765152185.279045 sending message 112 to peer 0x7f8885c91540 (21 bytes)
1765152185.279054 sending message 112 to peer 0x7f8885c91540 (13 bytes)
1765152185.279064 sending message 112 to peer 0x7f8885c91540 (7 bytes)
1765152185.279073 sending message 112 to peer 0x7f8885c91540 (13 bytes)
1765152185.279083 sending message 112 to peer 0x7f8885c91540 (7 bytes)
1765152185.279092 sending message 112 to peer 0x7f8885c91540 (13 bytes)
1765152185.279101 sending message 112 to peer 0x7f8885c91540 (9 bytes)
1765152185.279111 sending message 112 to peer 0x7f8885c91540 (21 bytes)
1765152185.279120 sending message 112 to peer 0x7f8885c91540 (13 bytes)
1765152185.279129 sending message 112 to peer 0x7f8885c91540 (8 bytes)
1765152185.279138 sending message 112 to peer 0x7f8885c91540 (12 bytes)
1765152185.279148 sending message 112 to peer 0x7f8885c91540 (13 bytes)
1765152185.279157 sending message 112 to peer 0x7f8885c91540 (9 bytes)
1765152185.279166 sending message 112 to peer 0x7f8885c91540 (9 bytes)
1765152185.279176 sending message 112 to peer 0x7f8885c91540 (12 bytes)
1765152185.279185 sending message 112 to peer 0x7f8885c91540 (8 bytes)
1765152185.279194 sending message 112 to peer 0x7f8885c91540 (7 bytes)
1765152185.279204 sending message 112 to peer 0x7f8885c91540 (7 bytes)
1765152185.279213 sending message 112 to peer 0x7f8885c91540 (9 bytes)
1765152185.279222 sending message 112 to peer 0x7f8885c91540 (13 bytes)
1765152185.279232 sending message 112 to peer 0x7f8885c91540 (9 bytes)
1765152185.279241 sending message 112 to peer 0x7f8885c91540 (15 bytes)
1765152185.279250 sending message 112 to peer 0x7f8885c91540 (13 bytes)
1765152185.279259 sending message 112 to peer 0x7f8885c91540 (12 bytes)
1765152185.279269 sending message 112 to peer 0x7f8885c91540 (8 bytes)
1765152185.279278 sending message 112 to peer 0x7f8885c91540 (14 bytes)
1765152185.279287 sending message 112 to peer 0x7f8885c91540 (9 bytes)
1765152185.279297 sending message 112 to peer 0x7f8885c91540 (10 bytes)
1765152185.279306 sending message 112 to peer 0x7f8885c91540 (10 bytes)
1765152185.279315 sending message 112 to peer 0x7f8885c91540 (10 bytes)
1765152185.279324 sending message 112 to peer 0x7f8885c91540 (10 bytes)
1765152185.279333 sending message 112 to peer 0x7f8885c91540 (11 bytes)
1765152185.279343 sending message 112 to peer 0x7f8885c91540 (10 bytes)
1765152185.279352 sending message 112 to peer 0x7f8885c91540 (8 bytes)
1765152185.279399 sending message 112 to peer 0x7f8885c91540 (11 bytes)
1765152185.279409 sending message 112 to peer 0x7f8885c91540 (11 bytes)
1765152185.279418 sending message 112 to peer 0x7f8885c91540 (11 bytes)
1765152185.279428 sending message 112 to peer 0x7f8885c91540 (8 bytes)
1765152185.279437 sending message 112 to peer 0x7f8885c91540 (8 bytes)
1765152185.279446 sending message 112 to peer 0x7f8885c91540 (8 bytes)
1765152185.279456 sending message 112 to peer 0x7f8885c91540 (10 bytes)
1765152185.279465 sending message 112 to peer 0x7f8885c91540 (10 bytes)
1765152185.279474 sending message 112 to peer 0x7f8885c91540 (10 bytes)
1765152185.279484 sending message 112 to peer 0x7f8885c91540 (10 bytes)
1765152185.279493 sending message 112 to peer 0x7f8885c91540 (10 bytes)
1765152185.279502 sending message 112 to peer 0x7f8885c91540 (11 bytes)
1765152185.279511 sending message 112 to peer 0x7f8885c91540 (11 bytes)
1765152185.279521 sending message 112 to peer 0x7f8885c91540 (10 bytes)
1765152185.279530 sending message 112 to peer 0x7f8885c91540 (9 bytes)
1765152185.279539 sending message 112 to peer 0x7f8885c91540 (9 bytes)
1765152185.279549 sending message 112 to peer 0x7f8885c91540 (12 bytes)
1765152185.279558 sending message 112 to peer 0x7f8885c91540 (9 bytes)
1765152185.279567 sending message 112 to peer 0x7f8885c91540 (6 bytes)
1765152185.279577 sending message 112 to peer 0x7f8885c91540 (13 bytes)
1765152185.279629 sending message 112 to peer 0x7f8885c91540 (8 bytes)
1765152185.279657 sending message 112 to peer 0x7f8885c91540 (15 bytes)
1765152185.279667 sending message 112 to peer 0x7f8885c91540 (13 bytes)
1765152185.279677 sending message 112 to peer 0x7f8885c91540 (70 bytes)
1765152185.279686 sending message 112 to peer 0x7f8885c91540 (69 bytes)
1765152185.279696 sending message 112 to peer 0x7f8885c91540 (10 bytes)
1765152185.279705 sending message 112 to peer 0x7f8885c91540 (8 bytes)
1765152185.279715 sending message 112 to peer 0x7f8885c91540 (15 bytes)
1765152185.279724 sending message 112 to peer 0x7f8885c91540 (13 bytes)
1765152185.279733 sending message 112 to peer 0x7f8885c91540 (10 bytes)
1765152185.279743 sending message 112 to peer 0x7f8885c91540 (10 bytes)
1765152185.279752 sending message 112 to peer 0x7f8885c91540 (5 bytes)
1765152185.279761 sending message 112 to peer 0x7f8885c91540 (15 bytes)
1765152185.279776 sending message 104 to peer 0x7f8885c91540 (0 bytes)
1765152185.279790 sending message 110 to peer 0x7f8885c91540 (0 bytes)
1765152185.279804 sending message 107 to peer 0x7f8885c91540 (4 bytes)
1765152185.279814 sending message 105 to peer 0x7f8885c91540 (16 bytes)
1765152185.279824 sending message 105 to peer 0x7f8885c91540 (18 bytes)
1765152185.279833 sending message 105 to peer 0x7f8885c91540 (19 bytes)
1765152185.279843 sending message 105 to peer 0x7f8885c91540 (20 bytes)
1765152185.279852 sending message 105 to peer 0x7f8885c91540 (26 bytes)
1765152185.279861 sending message 105 to peer 0x7f8885c91540 (19 bytes)
1765152185.279871 sending message 105 to peer 0x7f8885c91540 (35 bytes)
1765152185.279881 sending message 105 to peer 0x7f8885c91540 (43 bytes)
1765152185.279890 sending message 105 to peer 0x7f8885c91540 (20 bytes)
1765152185.279899 sending message 105 to peer 0x7f8885c91540 (24 bytes)
1765152185.279909 sending message 105 to peer 0x7f8885c91540 (15 bytes)
1765152185.279918 sending message 105 to peer 0x7f8885c91540 (23 bytes)
1765152185.279928 sending message 105 to peer 0x7f8885c91540 (28 bytes)
1765152185.279937 sending message 105 to peer 0x7f8885c91540 (15 bytes)
1765152185.279946 sending message 105 to peer 0x7f8885c91540 (37 bytes)
1765152185.279956 sending message 105 to peer 0x7f8885c91540 (28 bytes)
1765152185.279965 sending message 105 to peer 0x7f8885c91540 (14 bytes)
1765152185.279975 sending message 105 to peer 0x7f8885c91540 (21 bytes)
1765152185.279985 sending message 105 to peer 0x7f8885c91540 (49 bytes)
1765152185.279994 sending message 105 to peer 0x7f8885c91540 (52 bytes)
1765152185.280004 sending message 105 to peer 0x7f8885c91540 (16 bytes)
1765152185.280024 sending message 105 to peer 0x7f8885c91540 (41 bytes)
1765152185.280034 sending message 105 to peer 0x7f8885c91540 (56 bytes)
1765152185.280044 sending message 105 to peer 0x7f8885c91540 (60 bytes)
1765152185.280054 sending message 105 to peer 0x7f8885c91540 (54 bytes)
1765152185.280063 sending message 105 to peer 0x7f8885c91540 (13 bytes)
1765152185.280073 sending message 105 to peer 0x7f8885c91540 (21 bytes)
1765152185.280083 sending message 105 to peer 0x7f8885c91540 (17 bytes)
1765152185.280097 sending message 105 to peer 0x7f8885c91540 (15 bytes)
1765152185.280107 sending message 105 to peer 0x7f8885c91540 (17 bytes)
1765152185.280117 sending message 105 to peer 0x7f8885c91540 (30 bytes)
1765152185.280127 sending message 105 to peer 0x7f8885c91540 (1917 bytes)
1765152185.280138 sending message 105 to peer 0x7f8885c91540 (18 bytes)
1765152185.280149 sending message 105 to peer 0x7f8885c91540 (12 bytes)
1765152185.280159 sending message 105 to peer 0x7f8885c91540 (23 bytes)
1765152185.280169 sending message 105 to peer 0x7f8885c91540 (34 bytes)
1765152185.280179 sending message 105 to peer 0x7f8885c91540 (23 bytes)
1765152185.280189 sending message 105 to peer 0x7f8885c91540 (36 bytes)
1765152185.280199 sending message 105 to peer 0x7f8885c91540 (33 bytes)
1765152185.280208 sending message 105 to peer 0x7f8885c91540 (21 bytes)
1765152185.280218 sending message 105 to peer 0x7f8885c91540 (32 bytes)
1765152185.280228 sending message 105 to peer 0x7f8885c91540 (11 bytes)
1765152185.280237 sending message 105 to peer 0x7f8885c91540 (13 bytes)
1765152185.280247 sending message 105 to peer 0x7f8885c91540 (11 bytes)
1765152185.280256 sending message 105 to peer 0x7f8885c91540 (9 bytes)
1765152185.280266 sending message 105 to peer 0x7f8885c91540 (21 bytes)
1765152185.280275 sending message 105 to peer 0x7f8885c91540 (18 bytes)
1765152185.280284 sending message 105 to peer 0x7f8885c91540 (11 bytes)
1765152185.280294 sending message 105 to peer 0x7f8885c91540 (17 bytes)
1765152185.280304 sending message 105 to peer 0x7f8885c91540 (381 bytes)
1765152185.280313 sending message 105 to peer 0x7f8885c91540 (31 bytes)
1765152185.280323 sending message 105 to peer 0x7f8885c91540 (7 bytes)
1765152185.280332 sending message 105 to peer 0x7f8885c91540 (19 bytes)
1765152185.280342 sending message 105 to peer 0x7f8885c91540 (84 bytes)
1765152185.280351 sending message 105 to peer 0x7f8885c91540 (95 bytes)
1765152185.280361 sending message 105 to peer 0x7f8885c91540 (19 bytes)
1765152185.280370 sending message 105 to peer 0x7f8885c91540 (54 bytes)
1765152185.280380 sending message 105 to peer 0x7f8885c91540 (38 bytes)
1765152185.280389 sending message 105 to peer 0x7f8885c91540 (40 bytes)
1765152185.280399 sending message 105 to peer 0x7f8885c91540 (18 bytes)
1765152185.280409 sending message 105 to peer 0x7f8885c91540 (16 bytes)
1765152185.280419 sending message 106 to peer 0x7f8885c91540 (0 bytes)
1765152185.280535 sending message 200 to peer 0x7f8885c91540 (4 bytes)
1765152185.280547 client loop enter
1765152185.281751 peer 0x7f8885c91540 message 303
1765152185.281800 open write file 2 -
1765152185.281842 sending message 305 to peer 0x7f8885c91540 (8 bytes)
1765152185.281915 write check file 2
1765152185.282368 peer 0x7f8885c91540 message 304
1765152185.282390 write 58 to file 2
1765152185.282406 peer 0x7f8885c91540 message 203
1765152185.282416 file 2 58 bytes left
1765152185.282462 write check file 2
1765152185.282472 client loop exit
